<?xml version="1.0" encoding="UTF-8" ?>
<testsuite failures="0" time="0.021" errors="0" skipped="0" tests="1" name="org.modino.nbaCommunity.nbaCommunity.AppTest">
  <properties>
    <property name="java.runtime.name" value="Java(TM) SE Runtime Environment"/>
    <property name="sun.boot.library.path" value="/System/Library/Java/JavaVirtualMachines/1.6.0.jdk/Contents/Libraries"/>
    <property name="java.vm.version" value="20.14-b01-447"/>
    <property name="awt.nativeDoubleBuffering" value="true"/>
    <property name="gopherProxySet" value="false"/>
    <property name="mrj.build" value="11M4203"/>
    <property name="java.vm.vendor" value="Apple Inc."/>
    <property name="java.vendor.url" value="http://www.apple.com/"/>
    <property name="path.separator" value=":"/>
    <property name="java.vm.name" value="Java HotSpot(TM) 64-Bit Server VM"/>
    <property name="file.encoding.pkg" value="sun.io"/>
    <property name="user.country" value="ES"/>
    <property name="sun.java.launcher" value="SUN_STANDARD"/>
    <property name="sun.os.patch.level" value="unknown"/>
    <property name="java.vm.specification.name" value="Java Virtual Machine Specification"/>
    <property name="user.dir" value="/Users/david/Documents/workspace-sts-3.2.0.M2/NbaCommunity/nbaCommunity"/>
    <property name="java.runtime.version" value="1.6.0_43-b01-447-11M4203"/>
    <property name="java.awt.graphicsenv" value="apple.awt.CGraphicsEnvironment"/>
    <property name="basedir" value="/Users/david/Documents/workspace-sts-3.2.0.M2/NbaCommunity/nbaCommunity"/>
    <property name="java.endorsed.dirs" value="/System/Library/Java/JavaVirtualMachines/1.6.0.jdk/Contents/Home/lib/endorsed"/>
    <property name="os.arch" value="x86_64"/>
    <property name="surefire.real.class.path" value="/Users/david/Documents/workspace-sts-3.2.0.M2/NbaCommunity/nbaCommunity/target/surefire/surefirebooter7457838568024603895.jar"/>
    <property name="java.io.tmpdir" value="/var/folders/nq/szqd8dq966x0pmzc9800bjb40000gn/T/"/>
    <property name="line.separator" value="
"/>
    <property name="java.vm.specification.vendor" value="Sun Microsystems Inc."/>
    <property name="os.name" value="Mac OS X"/>
    <property name="sun.jnu.encoding" value="MacRoman"/>
    <property name="java.library.path" value=".:/Library/Java/Extensions:/System/Library/Java/Extensions:/usr/lib/java"/>
    <property name="surefire.test.class.path" value="/Users/david/Documents/workspace-sts-3.2.0.M2/NbaCommunity/nbaCommunity/target/test-classes:/Users/david/Documents/workspace-sts-3.2.0.M2/NbaCommunity/nbaCommunity/target/classes:/Users/david/.m2/repository/junit/junit/3.8.1/junit-3.8.1.jar:/Users/david/.m2/repository/javax/inject/javax.inject/1/javax.inject-1.jar:/Users/david/.m2/repository/javax/enterprise/cdi-api/1.1-20130305/cdi-api-1.1-20130305.jar:/Users/david/.m2/repository/javax/el/el-api/2.2/el-api-2.2.jar:/Users/david/.m2/repository/org/jboss/spec/javax/interceptor/jboss-interceptors-api_1.1_spec/1.0.0.Beta1/jboss-interceptors-api_1.1_spec-1.0.0.Beta1.jar:/Users/david/.m2/repository/javax/annotation/jsr250-api/1.0/jsr250-api-1.0.jar:/Users/david/.m2/repository/org/hibernate/hibernate-annotations/3.5.6-Final/hibernate-annotations-3.5.6-Final.jar:/Users/david/.m2/repository/org/hibernate/hibernate-core/3.5.6-Final/hibernate-core-3.5.6-Final.jar:/Users/david/.m2/repository/antlr/antlr/2.7.6/antlr-2.7.6.jar:/Users/david/.m2/repository/commons-collections/commons-collections/3.1/commons-collections-3.1.jar:/Users/david/.m2/repository/dom4j/dom4j/1.6.1/dom4j-1.6.1.jar:/Users/david/.m2/repository/xml-apis/xml-apis/1.0.b2/xml-apis-1.0.b2.jar:/Users/david/.m2/repository/javax/transaction/jta/1.1/jta-1.1.jar:/Users/david/.m2/repository/org/hibernate/hibernate-commons-annotations/3.2.0.Final/hibernate-commons-annotations-3.2.0.Final.jar:/Users/david/.m2/repository/org/hibernate/javax/persistence/hibernate-jpa-2.0-api/1.0.0.Final/hibernate-jpa-2.0-api-1.0.0.Final.jar:/Users/david/.m2/repository/org/slf4j/slf4j-api/1.5.8/slf4j-api-1.5.8.jar:"/>
    <property name="java.specification.name" value="Java Platform API Specification"/>
    <property name="java.class.version" value="50.0"/>
    <property name="sun.management.compiler" value="HotSpot 64-Bit Tiered Compilers"/>
    <property name="os.version" value="10.8.2"/>
    <property name="http.nonProxyHosts" value="local|*.local|169.254/16|*.169.254/16"/>
    <property name="user.home" value="/Users/david"/>
    <property name="user.timezone" value=""/>
    <property name="java.awt.printerjob" value="apple.awt.CPrinterJob"/>
    <property name="java.specification.version" value="1.6"/>
    <property name="file.encoding" value="MacRoman"/>
    <property name="user.name" value="david"/>
    <property name="java.class.path" value="/Users/david/Documents/workspace-sts-3.2.0.M2/NbaCommunity/nbaCommunity/target/test-classes:/Users/david/Documents/workspace-sts-3.2.0.M2/NbaCommunity/nbaCommunity/target/classes:/Users/david/.m2/repository/junit/junit/3.8.1/junit-3.8.1.jar:/Users/david/.m2/repository/javax/inject/javax.inject/1/javax.inject-1.jar:/Users/david/.m2/repository/javax/enterprise/cdi-api/1.1-20130305/cdi-api-1.1-20130305.jar:/Users/david/.m2/repository/javax/el/el-api/2.2/el-api-2.2.jar:/Users/david/.m2/repository/org/jboss/spec/javax/interceptor/jboss-interceptors-api_1.1_spec/1.0.0.Beta1/jboss-interceptors-api_1.1_spec-1.0.0.Beta1.jar:/Users/david/.m2/repository/javax/annotation/jsr250-api/1.0/jsr250-api-1.0.jar:/Users/david/.m2/repository/org/hibernate/hibernate-annotations/3.5.6-Final/hibernate-annotations-3.5.6-Final.jar:/Users/david/.m2/repository/org/hibernate/hibernate-core/3.5.6-Final/hibernate-core-3.5.6-Final.jar:/Users/david/.m2/repository/antlr/antlr/2.7.6/antlr-2.7.6.jar:/Users/david/.m2/repository/commons-collections/commons-collections/3.1/commons-collections-3.1.jar:/Users/david/.m2/repository/dom4j/dom4j/1.6.1/dom4j-1.6.1.jar:/Users/david/.m2/repository/xml-apis/xml-apis/1.0.b2/xml-apis-1.0.b2.jar:/Users/david/.m2/repository/javax/transaction/jta/1.1/jta-1.1.jar:/Users/david/.m2/repository/org/hibernate/hibernate-commons-annotations/3.2.0.Final/hibernate-commons-annotations-3.2.0.Final.jar:/Users/david/.m2/repository/org/hibernate/javax/persistence/hibernate-jpa-2.0-api/1.0.0.Final/hibernate-jpa-2.0-api-1.0.0.Final.jar:/Users/david/.m2/repository/org/slf4j/slf4j-api/1.5.8/slf4j-api-1.5.8.jar:"/>
    <property name="java.vm.specification.version" value="1.0"/>
    <property name="sun.arch.data.model" value="64"/>
    <property name="java.home" value="/System/Library/Java/JavaVirtualMachines/1.6.0.jdk/Contents/Home"/>
    <property name="sun.java.command" value="/Users/david/Documents/workspace-sts-3.2.0.M2/NbaCommunity/nbaCommunity/target/surefire/surefirebooter7457838568024603895.jar /Users/david/Documents/workspace-sts-3.2.0.M2/NbaCommunity/nbaCommunity/target/surefire/surefire404271700645085068tmp /Users/david/Documents/workspace-sts-3.2.0.M2/NbaCommunity/nbaCommunity/target/surefire/surefire8555620844858224871tmp"/>
    <property name="java.specification.vendor" value="Sun Microsystems Inc."/>
    <property name="user.language" value="es"/>
    <property name="awt.toolkit" value="apple.awt.CToolkit"/>
    <property name="java.vm.info" value="mixed mode"/>
    <property name="java.version" value="1.6.0_43"/>
    <property name="java.ext.dirs" value="/Library/Java/Extensions:/System/Library/Java/Extensions:/System/Library/Java/JavaVirtualMachines/1.6.0.jdk/Contents/Home/lib/ext"/>
    <property name="sun.boot.class.path" value="/System/Library/Java/JavaVirtualMachines/1.6.0.jdk/Contents/Classes/jsfd.jar:/System/Library/Java/JavaVirtualMachines/1.6.0.jdk/Contents/Classes/classes.jar:/System/Library/Frameworks/JavaVM.framework/Frameworks/JavaRuntimeSupport.framework/Resources/Java/JavaRuntimeSupport.jar:/System/Library/Java/JavaVirtualMachines/1.6.0.jdk/Contents/Classes/ui.jar:/System/Library/Java/JavaVirtualMachines/1.6.0.jdk/Contents/Classes/laf.jar:/System/Library/Java/JavaVirtualMachines/1.6.0.jdk/Contents/Classes/sunrsasign.jar:/System/Library/Java/JavaVirtualMachines/1.6.0.jdk/Contents/Classes/jsse.jar:/System/Library/Java/JavaVirtualMachines/1.6.0.jdk/Contents/Classes/jce.jar:/System/Library/Java/JavaVirtualMachines/1.6.0.jdk/Contents/Classes/charsets.jar"/>
    <property name="java.vendor" value="Apple Inc."/>
    <property name="localRepository" value="/Users/david/.m2/repository"/>
    <property name="file.separator" value="/"/>
    <property name="java.vendor.url.bug" value="http://bugreport.apple.com/"/>
    <property name="sun.cpu.endian" value="little"/>
    <property name="sun.io.unicode.encoding" value="UnicodeLittle"/>
    <property name="cmd" value="compiler:compile"/>
    <property name="mrj.version" value="1070.1.6.0_43-447"/>
    <property name="socksNonProxyHosts" value="local|*.local|169.254/16|*.169.254/16"/>
    <property name="ftp.nonProxyHosts" value="local|*.local|169.254/16|*.169.254/16"/>
    <property name="sun.cpu.isalist" value=""/>
  </properties>
  <testcase time="0.002" classname="org.modino.nbaCommunity.nbaCommunity.AppTest" name="testApp"/>
</testsuite>